2025-12-15 18:02:08 - Starting PowerServiceApplication using Java 21.0.9 with PID 41232 (D:\jd-demo\power-service-robot\power-service-backend\target\classes started by 戴会颜华 in d:\jd-demo\power-service-robot\power-service-backend)
2025-12-15 18:02:08 - Running with Spring Boot v3.3.4, Spring v6.1.13
2025-12-15 18:02:08 - The following 1 profile is active: "dev"
2025-12-15 18:02:09 - Bootstrapping Spring Data JPA repositories in DEFAULT mode.
2025-12-15 18:02:09 - Finished Spring Data repository scanning in 99 ms. Found 6 JPA repository interfaces.
2025-12-15 18:02:11 - Tomcat initialized with port 8081 (http)
2025-12-15 18:02:11 - Starting service [Tomcat]
2025-12-15 18:02:11 - Starting Servlet engine: [Apache Tomcat/10.1.30]
2025-12-15 18:02:11 - Initializing Spring embedded WebApplicationContext
2025-12-15 18:02:11 - Root WebApplicationContext: initialization completed in 2203 ms
2025-12-15 18:02:11 - HikariPool-1 - Starting...
2025-12-15 18:02:11 - HikariPool-1 - Added connection com.mysql.cj.jdbc.ConnectionImpl@62d40e31
2025-12-15 18:02:11 - HikariPool-1 - Start completed.
2025-12-15 18:02:11 - HHH000204: Processing PersistenceUnitInfo [name: default]
2025-12-15 18:02:11 - HHH000412: Hibernate ORM core version 6.5.3.Final
2025-12-15 18:02:11 - HHH000026: Second-level cache disabled
2025-12-15 18:02:12 - No LoadTimeWeaver setup: ignoring JPA class transformer
2025-12-15 18:02:12 - HHH90000025: MySQLDialect does not need to be specified explicitly using 'hibernate.dialect' (remove the property setting and it will be selected by default)
2025-12-15 18:02:13 - HHH000489: No JTA platform available (set 'hibernate.transaction.jta.platform' to enable JTA platform integration)
2025-12-15 18:02:13 - 
    alter table chat_records 
       modify column bot_response TEXT not null
2025-12-15 18:02:13 - 
    alter table chat_records 
       modify column user_message TEXT not null
2025-12-15 18:02:13 - 
    alter table knowledge_base 
       modify column answer TEXT not null
2025-12-15 18:02:13 - 
    alter table knowledge_base 
       modify column keywords TEXT
2025-12-15 18:02:13 - 
    alter table knowledge_base 
       modify column question TEXT not null
2025-12-15 18:02:13 - 
    alter table service_requests 
       modify column address TEXT not null
2025-12-15 18:02:13 - 
    alter table service_requests 
       modify column problem_description TEXT
2025-12-15 18:02:13 - 
    alter table service_types 
       modify column description TEXT
2025-12-15 18:02:13 - 
    alter table users 
       modify column face_data TEXT
2025-12-15 18:02:13 - Initialized JPA EntityManagerFactory for persistence unit 'default'
2025-12-15 18:02:14 - Hibernate is in classpath; If applicable, HQL parser will be used.
2025-12-15 18:02:14 - spring.jpa.open-in-view is enabled by default. Therefore, database queries may be performed during view rendering. Explicitly configure spring.jpa.open-in-view to disable this warning
2025-12-15 18:02:14 - Global AuthenticationManager configured with UserDetailsService bean with name inMemoryUserDetailsManager
2025-12-15 18:02:15 - Tomcat started on port 8081 (http) with context path '/'
2025-12-15 18:02:15 - Started PowerServiceApplication in 7.225 seconds (process running for 7.779)
2025-12-15 18:02:54 - Initializing Spring DispatcherServlet 'dispatcherServlet'
2025-12-15 18:02:54 - Initializing Servlet 'dispatcherServlet'
2025-12-15 18:02:54 - Completed initialization in 4 ms
